<newProjectDescription name='Test Config' id='TestConfig'>
	<parentProject locator='id:NodeModules' />
</newProjectDescription>
