<buildType id="TestConfig_Build" name="Build" projectId="TestConfig" >
    <project id="TestConfig" name="Test Config" parentProjectId="NodeModules" href="/httpAuth/app/rest/projects/id:TestConfig" webUrl="http://localhost:8111/project.html?projectId=TestConfig"
    />
    <template id="NodeModule" name="node_module" templateFlag="true" projectName="node_modules" projectId="NodeModules" href="/httpAuth/app/rest/buildTypes/id:NodeModule" />
    <vcs-root-entries>
        <!--vcs-root-entry elements are not necessary-->
    </vcs-root-entries>
    <settings>
    </settings>
    <parameters>
    </parameters>
    <steps>
    </steps>
    <features>
    </features>
    <triggers>
    </triggers>
    <snapshot-dependencies/>
    <artifact-dependencies/>
    <agent-requirements/>
    <builds href="/httpAuth/app/rest/buildTypes/id:TestConfig_Build/builds/" />
</buildType>

<!--
Docs: https://confluence.jetbrains.com/display/TCD9/REST+API

Post the XML above to:
POST  http://TCServerName:Port/httpAuth/app/rest/buildTypes
-->
